Copyright 1986-2017 Xilinx, Inc. All Rights Reserved.
--------------------------------------------------------------------------------------------------------------------------------------------------------
| Tool Version : Vivado v.2017.4 (lin64) Build 2086221 Fri Dec 15 20:54:30 MST 2017
| Date         : Sat Jul  7 00:46:21 2018
| Host         : iqayesha-OptiPlex-9010 running 64-bit unknown
| Command      : report_methodology -file ucecho_methodology_drc_routed.rpt -pb ucecho_methodology_drc_routed.pb -rpx ucecho_methodology_drc_routed.rpx
| Design       : ucecho
| Device       : xc7a35tcsg324-1
| Speed File   : -1
| Design State : Routed
--------------------------------------------------------------------------------------------------------------------------------------------------------

Report Methodology

Table of Contents
-----------------
1. REPORT SUMMARY
2. REPORT DETAILS

1. REPORT SUMMARY
-----------------
            Netlist: netlist
          Floorplan: design_1
      Design limits: <entire design considered>
             Max violations: <unlimited>
             Violations found: 5
+-----------+----------+-------------------------------+------------+
| Rule      | Severity | Description                   | Violations |
+-----------+----------+-------------------------------+------------+
| TIMING-18 | Warning  | Missing input or output delay | 5          |
+-----------+----------+-------------------------------+------------+

2. REPORT DETAILS
-----------------
TIMING-18#1 Warning
Missing input or output delay  
An input delay is missing on lsi_clk relative to clock(s) fxclk_in
Related violations: <none>

TIMING-18#2 Warning
Missing input or output delay  
An input delay is missing on lsi_mosi relative to clock(s) fxclk_in
Related violations: <none>

TIMING-18#3 Warning
Missing input or output delay  
An input delay is missing on lsi_stop relative to clock(s) fxclk_in
Related violations: <none>

TIMING-18#4 Warning
Missing input or output delay  
An input delay is missing on reset_in relative to clock(s) fxclk_in
Related violations: <none>

TIMING-18#5 Warning
Missing input or output delay  
An output delay is missing on lsi_miso relative to clock(s) fxclk_in
Related violations: <none>


